<?xml version="1.0" encoding="UTF-8"?>
<testng-results ignored="0" total="8" passed="6"
	failed="2" skipped="0">
	<reporter-output>
	</reporter-output>
	<suite started-at="2023-09-28T12:15:50 EDT"
		name="MavenTestNGSuite" finished-at="2023-09-28T12:16:03 EDT"
		duration-ms="13100">
		<groups>
		</groups>
		<test started-at="2023-09-28T12:15:50 EDT"
			name="MavenTestNGTest1" finished-at="2023-09-28T12:15:56 EDT"
			duration-ms="6604">
			<class name="mavenpackage.Parameterization">
				<test-method
					signature="optional(java.lang.String)[pri:0, instance:mavenpackage.Parameterization@2cc44ad]"
					started-at="2023-09-28T12:15:54 EDT" name="optional"
					finished-at="2023-09-28T12:15:54 EDT" duration-ms="7" status="PASS">
					<params>
						<param index="0">
							<value>
                <![CDATA[Optional Parameter Selected]]>
							</value>
						</param>
					</params>
					<reporter-output>
					</reporter-output>
				</test-method> <!-- optional -->
				<test-method
					signature="parameterizedTest(java.lang.String)[pri:0, instance:mavenpackage.Parameterization@2cc44ad]"
					started-at="2023-09-28T12:15:54 EDT" name="parameterizedTest"
					finished-at="2023-09-28T12:15:54 EDT" duration-ms="5" status="PASS">
					<params>
						<param index="0">
							<value>
                <![CDATA[firefox]]>
							</value>
						</param>
					</params>
					<reporter-output>
					</reporter-output>
				</test-method> <!-- parameterizedTest -->
			</class> <!-- mavenpackage.Parameterization -->
			<class name="mavenpackage.FirstMavenExercise">
				<test-method
					signature="mavenTest()[pri:0, instance:mavenpackage.FirstMavenExercise@604f2bd2]"
					started-at="2023-09-28T12:15:54 EDT" name="mavenTest"
					finished-at="2023-09-28T12:15:56 EDT" duration-ms="1971"
					status="PASS">
					<reporter-output>
					</reporter-output>
				</test-method> <!-- mavenTest -->
			</class> <!-- mavenpackage.FirstMavenExercise -->
			<class name="mavenpackage.FirstTestNGFile">
				<test-method is-config="true"
					signature="launchBrowser()[pri:0, instance:mavenpackage.FirstTestNGFile@5669c5fb]"
					started-at="2023-09-28T12:15:50 EDT" name="launchBrowser"
					finished-at="2023-09-28T12:15:54 EDT" duration-ms="4602"
					status="PASS">
					<reporter-output>
					</reporter-output>
				</test-method> <!-- launchBrowser -->
				<test-method
					signature="verifyTitle()[pri:0, instance:mavenpackage.FirstTestNGFile@5669c5fb]"
					started-at="2023-09-28T12:15:54 EDT" name="verifyTitle"
					finished-at="2023-09-28T12:15:54 EDT" duration-ms="9" status="FAIL">
					<exception class="java.lang.NullPointerException">
						<message>
              <![CDATA[Cannot invoke "org.openqa.selenium.WebDriver.getTitle()" because "this.driver" is null]]>
						</message>
						<full-stacktrace>
              <![CDATA[java.lang.NullPointerException: Cannot invoke "org.openqa.selenium.WebDriver.getTitle()" because "this.driver" is null
at mavenpackage.FirstTestNGFile.verifyTitle(FirstTestNGFile.java:40)
at java.base/jdk.internal.reflect.NativeMethodAccessorImpl.invoke0(Native Method)
at java.base/jdk.internal.reflect.NativeMethodAccessorImpl.invoke(NativeMethodAccessorImpl.java:77)
at java.base/jdk.internal.reflect.DelegatingMethodAccessorImpl.invoke(DelegatingMethodAccessorImpl.java:43)
at java.base/java.lang.reflect.Method.invoke(Method.java:568)
at org.testng.internal.MethodInvocationHelper.invokeMethod(MethodInvocationHelper.java:133)
at org.testng.internal.TestInvoker.invokeMethod(TestInvoker.java:598)
at org.testng.internal.TestInvoker.invokeTestMethod(TestInvoker.java:173)
at org.testng.internal.MethodRunner.runInSequence(MethodRunner.java:46)
at org.testng.internal.TestInvoker$MethodInvocationAgent.invoke(TestInvoker.java:824)
at org.testng.internal.TestInvoker.invokeTestMethods(TestInvoker.java:146)
at org.testng.internal.TestMethodWorker.invokeTestMethods(TestMethodWorker.java:146)
at org.testng.internal.TestMethodWorker.run(TestMethodWorker.java:128)
at java.base/java.util.concurrent.ThreadPoolExecutor.runWorker(ThreadPoolExecutor.java:1136)
at java.base/java.util.concurrent.ThreadPoolExecutor$Worker.run(ThreadPoolExecutor.java:635)
at java.base/java.lang.Thread.run(Thread.java:833)
]]>
						</full-stacktrace>
					</exception> <!-- java.lang.NullPointerException -->
					<reporter-output>
					</reporter-output>
				</test-method> <!-- verifyTitle -->
				<test-method is-config="true"
					signature="closeBrowser()[pri:0, instance:mavenpackage.FirstTestNGFile@5669c5fb]"
					started-at="2023-09-28T12:15:56 EDT" name="closeBrowser"
					finished-at="2023-09-28T12:15:56 EDT" duration-ms="0" status="PASS">
					<reporter-output>
					</reporter-output>
				</test-method> <!-- closeBrowser -->
			</class> <!-- mavenpackage.FirstTestNGFile -->
		</test> <!-- MavenTestNGTest1 -->
		<test started-at="2023-09-28T12:15:56 EDT"
			name="MavenTestNGTest2" finished-at="2023-09-28T12:16:03 EDT"
			duration-ms="6475">
			<class name="mavenpackage.Parameterization">
				<test-method
					signature="parameterizedTest(java.lang.String)[pri:0, instance:mavenpackage.Parameterization@2b0f373b]"
					started-at="2023-09-28T12:16:00 EDT" name="parameterizedTest"
					finished-at="2023-09-28T12:16:00 EDT" duration-ms="4" status="PASS">
					<params>
						<param index="0">
							<value>
                <![CDATA[chrome]]>
							</value>
						</param>
					</params>
					<reporter-output>
					</reporter-output>
				</test-method> <!-- parameterizedTest -->
				<test-method
					signature="optional(java.lang.String)[pri:0, instance:mavenpackage.Parameterization@2b0f373b]"
					started-at="2023-09-28T12:16:00 EDT" name="optional"
					finished-at="2023-09-28T12:16:00 EDT" duration-ms="5" status="PASS">
					<params>
						<param index="0">
							<value>
                <![CDATA[Testing parameters Annotation by passing value from xml ]]>
							</value>
						</param>
					</params>
					<reporter-output>
					</reporter-output>
				</test-method> <!-- optional -->
			</class> <!-- mavenpackage.Parameterization -->
			<class name="mavenpackage.FirstMavenExercise">
				<test-method
					signature="mavenTest()[pri:0, instance:mavenpackage.FirstMavenExercise@674bd420]"
					started-at="2023-09-28T12:16:00 EDT" name="mavenTest"
					finished-at="2023-09-28T12:16:03 EDT" duration-ms="2341"
					status="PASS">
					<reporter-output>
					</reporter-output>
				</test-method> <!-- mavenTest -->
			</class> <!-- mavenpackage.FirstMavenExercise -->
			<class name="mavenpackage.FirstTestNGFile">
				<test-method is-config="true"
					signature="launchBrowser()[pri:0, instance:mavenpackage.FirstTestNGFile@7216fb24]"
					started-at="2023-09-28T12:15:56 EDT" name="launchBrowser"
					finished-at="2023-09-28T12:16:00 EDT" duration-ms="4129"
					status="PASS">
					<reporter-output>
					</reporter-output>
				</test-method> <!-- launchBrowser -->
				<test-method
					signature="verifyTitle()[pri:0, instance:mavenpackage.FirstTestNGFile@7216fb24]"
					started-at="2023-09-28T12:16:00 EDT" name="verifyTitle"
					finished-at="2023-09-28T12:16:00 EDT" duration-ms="3" status="FAIL">
					<exception class="java.lang.NullPointerException">
						<message>
              <![CDATA[Cannot invoke "org.openqa.selenium.WebDriver.getTitle()" because "this.driver" is null]]>
						</message>
						<full-stacktrace>
              <![CDATA[java.lang.NullPointerException: Cannot invoke "org.openqa.selenium.WebDriver.getTitle()" because "this.driver" is null
at mavenpackage.FirstTestNGFile.verifyTitle(FirstTestNGFile.java:40)
at java.base/jdk.internal.reflect.NativeMethodAccessorImpl.invoke0(Native Method)
at java.base/jdk.internal.reflect.NativeMethodAccessorImpl.invoke(NativeMethodAccessorImpl.java:77)
at java.base/jdk.internal.reflect.DelegatingMethodAccessorImpl.invoke(DelegatingMethodAccessorImpl.java:43)
at java.base/java.lang.reflect.Method.invoke(Method.java:568)
at org.testng.internal.MethodInvocationHelper.invokeMethod(MethodInvocationHelper.java:133)
at org.testng.internal.TestInvoker.invokeMethod(TestInvoker.java:598)
at org.testng.internal.TestInvoker.invokeTestMethod(TestInvoker.java:173)
at org.testng.internal.MethodRunner.runInSequence(MethodRunner.java:46)
at org.testng.internal.TestInvoker$MethodInvocationAgent.invoke(TestInvoker.java:824)
at org.testng.internal.TestInvoker.invokeTestMethods(TestInvoker.java:146)
at org.testng.internal.TestMethodWorker.invokeTestMethods(TestMethodWorker.java:146)
at org.testng.internal.TestMethodWorker.run(TestMethodWorker.java:128)
at java.base/java.util.concurrent.ThreadPoolExecutor.runWorker(ThreadPoolExecutor.java:1136)
at java.base/java.util.concurrent.ThreadPoolExecutor$Worker.run(ThreadPoolExecutor.java:635)
at java.base/java.lang.Thread.run(Thread.java:833)
]]>
						</full-stacktrace>
					</exception> <!-- java.lang.NullPointerException -->
					<reporter-output>
					</reporter-output>
				</test-method> <!-- verifyTitle -->
				<test-method is-config="true"
					signature="closeBrowser()[pri:0, instance:mavenpackage.FirstTestNGFile@7216fb24]"
					started-at="2023-09-28T12:16:03 EDT" name="closeBrowser"
					finished-at="2023-09-28T12:16:03 EDT" duration-ms="0" status="PASS">
					<reporter-output>
					</reporter-output>
				</test-method> <!-- closeBrowser -->
			</class> <!-- mavenpackage.FirstTestNGFile -->
		</test> <!-- MavenTestNGTest2 -->
	</suite> <!-- MavenTestNGSuite -->
</testng-results>
